<?xml version="1.0" encoding="UTF-8"?>
<!-- Generated by org.testng.reporters.JUnitReportReporter -->
<testsuite hostname="Nasirun-PC" failures="0" tests="1" name="makemytrip.MakeMytrip" time="16.521" errors="0" timestamp="2022-09-17T10:34:23 IST" skipped="0">
  <testcase classname="makemytrip.MakeMytrip" name="makemytrip" time="16.521"/>
  <system-out/>
</testsuite> <!-- makemytrip.MakeMytrip -->
