<?xml version="1.0" encoding="UTF-8"?>
<!-- Generated by org.testng.reporters.JUnitReportReporter -->
<testsuite hostname="Nasirun-PC" failures="0" tests="1" name="Notification" time="14.524" errors="0" timestamp="2022-09-19T09:49:27 IST" skipped="0">
  <testcase classname="Notification" name="Notifi" time="14.524"/>
  <system-out/>
</testsuite> <!-- Notification -->
