<?xml version="1.0" encoding="UTF-8"?>
<!-- Generated by org.testng.reporters.JUnitReportReporter -->
<testsuite hostname="Nasirun-PC" failures="0" tests="1" name="ChildBrowser" time="39.961" errors="0" timestamp="2022-09-19T11:01:36 IST" skipped="0">
  <testcase classname="ChildBrowser" name="chaild" time="39.961"/>
  <system-out/>
</testsuite> <!-- ChildBrowser -->
