<?xml version="1.0" encoding="UTF-8"?>
<!-- Generated by org.testng.reporters.JUnitReportReporter -->
<testsuite hostname="Nasirun-PC" failures="0" tests="1" name="Testng.Test2" time="19.035" errors="0" timestamp="2022-09-24T16:48:40 IST" skipped="0">
  <testcase classname="Testng.Test2" name="tc2" time="19.035"/>
  <system-out/>
</testsuite> <!-- Testng.Test2 -->
