<?xml version="1.0" encoding="UTF-8"?>
<!-- Generated by org.testng.reporters.JUnitReportReporter -->
<testsuite hostname="Nasirun-PC" failures="0" tests="1" name="we.Login" time="11.911" errors="0" timestamp="2022-09-09T14:56:50 IST" skipped="0">
  <testcase classname="we.Login" name="login" time="11.911"/>
  <system-out/>
</testsuite> <!-- we.Login -->
