<?xml version="1.0" encoding="UTF-8"?>
<!-- Generated by org.testng.reporters.JUnitReportReporter -->
<testsuite hostname="N" failures="0" tests="1" name="we.LoginG" time="20.103" errors="0" timestamp="2022-09-28T18:05:22 IST" skipped="0">
  <testcase classname="we.LoginG" name="login" time="20.103"/>
  <system-out/>
</testsuite> <!-- we.LoginG -->
